<?xml version="1.0" encoding="UTF-8"?>
<!-- Generated by org.testng.reporters.JUnitReportReporter -->
<testsuite hostname="LIN-PG02NGFC" failures="0" tests="1" name="manibabu.Tests.ErrorValidations" time="8.160" errors="0" timestamp="2024-07-19T19:08:26 IST" skipped="0">
  <testcase classname="manibabu.Tests.ErrorValidations" name="LoginErrorMessage" time="8.160"/>
</testsuite> <!-- manibabu.Tests.ErrorValidations -->
